[debug] [2020-09-17T05:21:43.187Z] ----------------------------------------------------------------------
[debug] [2020-09-17T05:21:43.188Z] Command:       C:\Program Files\nodejs\node.exe C:\Users\chygo\AppData\Roaming\npm\node_modules\firebase-tools\lib\bin\firebase.js emulators:start
[debug] [2020-09-17T05:21:43.189Z] CLI Version:   8.10.0
[debug] [2020-09-17T05:21:43.189Z] Platform:      win32
[debug] [2020-09-17T05:21:43.189Z] Node Version:  v12.16.1
[debug] [2020-09-17T05:21:43.190Z] Time:          Wed Sep 16 2020 22:21:43 GMT-0700 (Mountain Standard Time)
[debug] [2020-09-17T05:21:43.190Z] ----------------------------------------------------------------------
[debug] [2020-09-17T05:21:43.190Z] 
[debug] [2020-09-17T05:21:43.198Z] > command requires scopes: ["email","openid","https://www.googleapis.com/auth/cloudplatformprojects.readonly","https://www.googleapis.com/auth/firebase","https://www.googleapis.com/auth/cloud-platform"]
[debug] [2020-09-17T05:21:43.198Z] > authorizing via signed-in user
[info] i  emulators: Starting emulators: functions, hosting {"metadata":{"emulator":{"name":"hub"},"message":"Starting emulators: functions, hosting"}}
[debug] [2020-09-17T05:21:45.297Z] [hub] writing locator at C:\Users\chygo\AppData\Local\Temp\hub-e-commerce-2fdd5.json
[warn] !  functions: The following emulators are not running, calls to these services from the Functions emulator will affect production: firestore, database, pubsub {"metadata":{"emulator":{"name":"functions"},"message":"The following emulators are not running, calls to these services from the Functions emulator will affect production: \u001b[1mfirestore, database, pubsub\u001b[22m"}}
[warn] !  Your requested "node" version "10" doesn't match your global version "12" {"metadata":{"emulator":{"name":"functions"},"message":"Your requested \"node\" version \"10\" doesn't match your global version \"12\""}}
[debug] [2020-09-17T05:21:47.820Z] defaultcredentials: writing to file C:\Users\chygo\AppData\Roaming\firebase\kachumahara_gmail_com_application_default_credentials.json
[debug] [2020-09-17T05:21:47.823Z] Setting GAC to C:\Users\chygo\AppData\Roaming\firebase\kachumahara_gmail_com_application_default_credentials.json {"metadata":{"emulator":{"name":"functions"},"message":"Setting GAC to C:\\Users\\chygo\\AppData\\Roaming\\firebase\\kachumahara_gmail_com_application_default_credentials.json"}}
[debug] [2020-09-17T05:21:49.860Z] > refreshing access token with scopes: ["email","https://www.googleapis.com/auth/cloud-platform","https://www.googleapis.com/auth/cloudplatformprojects.readonly","https://www.googleapis.com/auth/firebase","openid"]
[debug] [2020-09-17T05:21:49.861Z] >>> HTTP REQUEST POST https://www.googleapis.com/oauth2/v3/token  
 <request body omitted>
[debug] [2020-09-17T05:21:50.283Z] <<< HTTP RESPONSE 200 {"content-type":"application/json; charset=utf-8","vary":"X-Origin, Referer, Origin,Accept-Encoding","date":"Thu, 17 Sep 2020 05:21:50 GMT","server":"scaffolding on HTTPServer2","cache-control":"private","x-xss-protection":"0","x-frame-options":"SAMEORIGIN","x-content-type-options":"nosniff","alt-svc":"h3-29=\":443\"; ma=2592000,h3-27=\":443\"; ma=2592000,h3-T051=\":443\"; ma=2592000,h3-T050=\":443\"; ma=2592000,h3-Q050=\":443\"; ma=2592000,h3-Q046=\":443\"; ma=2592000,h3-Q043=\":443\"; ma=2592000,quic=\":443\"; ma=2592000; v=\"46,43\"","accept-ranges":"none","transfer-encoding":"chunked"}
[debug] [2020-09-17T05:21:50.331Z] >>> HTTP REQUEST GET https://firebase.googleapis.com/v1beta1/projects/e-commerce-2fdd5/webApps/-/config  
 
[debug] [2020-09-17T05:21:50.915Z] <<< HTTP RESPONSE 200 {"content-type":"application/json; charset=UTF-8","vary":"X-Origin, Referer, Origin,Accept-Encoding","date":"Thu, 17 Sep 2020 05:21:51 GMT","server":"ESF","cache-control":"private","x-xss-protection":"0","x-frame-options":"SAMEORIGIN","x-content-type-options":"nosniff","alt-svc":"h3-Q050=\":443\"; ma=2592000,h3-29=\":443\"; ma=2592000,h3-27=\":443\"; ma=2592000,h3-T051=\":443\"; ma=2592000,h3-T050=\":443\"; ma=2592000,h3-Q046=\":443\"; ma=2592000,h3-Q043=\":443\"; ma=2592000,quic=\":443\"; ma=2592000; v=\"46,43\"","accept-ranges":"none","transfer-encoding":"chunked"}
[info] i  hosting: Serving hosting files from: build {"metadata":{"emulator":{"name":"hosting"},"message":"Serving hosting files from: \u001b[1mbuild\u001b[22m"}}
[info] +  hosting: Local server: http://localhost:5000 {"metadata":{"emulator":{"name":"hosting"},"message":"Local server: \u001b[4m\u001b[1mhttp://localhost:5000\u001b[22m\u001b[24m"}}
[debug] [2020-09-17T05:21:55.071Z] Ignoring unsupported arg: auto_download {"metadata":{"emulator":{"name":"ui"},"message":"Ignoring unsupported arg: auto_download"}}
[debug] [2020-09-17T05:21:55.071Z] Ignoring unsupported arg: port {"metadata":{"emulator":{"name":"ui"},"message":"Ignoring unsupported arg: port"}}
[debug] [2020-09-17T05:21:55.072Z] Starting Emulator UI with command {"binary":"node","args":["C:\\Users\\chygo\\.cache\\firebase\\emulators\\ui-v1.1.1\\server.bundle.js"],"optionalArgs":[],"joinArgs":false} {"metadata":{"emulator":{"name":"ui"},"message":"Starting Emulator UI with command {\"binary\":\"node\",\"args\":[\"C:\\\\Users\\\\chygo\\\\.cache\\\\firebase\\\\emulators\\\\ui-v1.1.1\\\\server.bundle.js\"],\"optionalArgs\":[],\"joinArgs\":false}"}}
[info] i  ui: Emulator UI logging to ui-debug.log {"metadata":{"emulator":{"name":"ui"},"message":"Emulator UI logging to \u001b[1mui-debug.log\u001b[22m"}}
[debug] [2020-09-17T05:21:55.194Z] Web / API server started at http://localhost:4000
 {"metadata":{"emulator":{"name":"ui"},"message":"Web / API server started at http://localhost:4000\n"}}
[info] i  functions: Watching "C:\Users\chygo\code\projects\e-commerce\functions" for Cloud Functions... {"metadata":{"emulator":{"name":"functions"},"message":"Watching \"C:\\Users\\chygo\\code\\projects\\e-commerce\\functions\" for Cloud Functions..."}}
[debug] [2020-09-17T05:21:55.612Z] [worker-pool] addWorker(~diagnostic~) {"metadata":{"emulator":{"name":"functions"},"message":"[worker-pool] addWorker(~diagnostic~)"}}
[debug] [2020-09-17T05:21:55.612Z] [worker-pool] Adding worker with key ~diagnostic~, total=1 {"metadata":{"emulator":{"name":"functions"},"message":"[worker-pool] Adding worker with key ~diagnostic~, total=1"}}
[debug] [2020-09-17T05:21:55.613Z] [worker-pool] submitWork(triggerId=) {"metadata":{"emulator":{"name":"functions"},"message":"[worker-pool] submitWork(triggerId=)"}}
[debug] [2020-09-17T05:21:55.614Z] [worker-~diagnostic~-39dd95a6-589e-4de7-9923-98b8ddfc7908]: Assigning socketPath: \\?\pipe\C:\Users\chygo\code\projects\e-commerce\functions\8400 {"metadata":{"emulator":{"name":"functions"},"message":"[worker-~diagnostic~-39dd95a6-589e-4de7-9923-98b8ddfc7908]: Assigning socketPath: \\\\?\\pipe\\C:\\Users\\chygo\\code\\projects\\e-commerce\\functions\\8400"}}
[debug] [2020-09-17T05:21:55.615Z] [worker-~diagnostic~-39dd95a6-589e-4de7-9923-98b8ddfc7908]: BUSY {"metadata":{"emulator":{"name":"functions"},"message":"[worker-~diagnostic~-39dd95a6-589e-4de7-9923-98b8ddfc7908]: BUSY"}}
[debug] [2020-09-17T05:21:56.298Z] [runtime-status] [8400] Functions runtime initialized. {"cwd":"C:\\Users\\chygo\\code\\projects\\e-commerce\\functions","node_version":"12.16.1"} {"metadata":{"emulator":{"name":"functions"},"message":"[runtime-status] [8400] Functions runtime initialized. {\"cwd\":\"C:\\\\Users\\\\chygo\\\\code\\\\projects\\\\e-commerce\\\\functions\",\"node_version\":\"12.16.1\"}"}}
[debug] [2020-09-17T05:21:56.304Z] [runtime-status] [8400] Disabled runtime features: undefined {"metadata":{"emulator":{"name":"functions"},"message":"[runtime-status] [8400] Disabled runtime features: undefined"}}
[debug] [2020-09-17T05:21:56.315Z] [runtime-status] [8400] Resolved module firebase-admin {"declared":true,"installed":true,"version":"8.13.0","resolution":"C:\\Users\\chygo\\code\\projects\\e-commerce\\functions\\node_modules\\firebase-admin\\lib\\index.js"} {"metadata":{"emulator":{"name":"functions"},"message":"[runtime-status] [8400] Resolved module firebase-admin {\"declared\":true,\"installed\":true,\"version\":\"8.13.0\",\"resolution\":\"C:\\\\Users\\\\chygo\\\\code\\\\projects\\\\e-commerce\\\\functions\\\\node_modules\\\\firebase-admin\\\\lib\\\\index.js\"}"}}
[debug] [2020-09-17T05:21:56.318Z] [runtime-status] [8400] Resolved module firebase-functions {"declared":true,"installed":true,"version":"3.11.0","resolution":"C:\\Users\\chygo\\code\\projects\\e-commerce\\functions\\node_modules\\firebase-functions\\lib\\index.js"} {"metadata":{"emulator":{"name":"functions"},"message":"[runtime-status] [8400] Resolved module firebase-functions {\"declared\":true,\"installed\":true,\"version\":\"3.11.0\",\"resolution\":\"C:\\\\Users\\\\chygo\\\\code\\\\projects\\\\e-commerce\\\\functions\\\\node_modules\\\\firebase-functions\\\\lib\\\\index.js\"}"}}
[debug] [2020-09-17T05:21:56.320Z] [runtime-status] [8400] Resolved module firebase-functions {"declared":true,"installed":true,"version":"3.11.0","resolution":"C:\\Users\\chygo\\code\\projects\\e-commerce\\functions\\node_modules\\firebase-functions\\lib\\index.js"} {"metadata":{"emulator":{"name":"functions"},"message":"[runtime-status] [8400] Resolved module firebase-functions {\"declared\":true,\"installed\":true,\"version\":\"3.11.0\",\"resolution\":\"C:\\\\Users\\\\chygo\\\\code\\\\projects\\\\e-commerce\\\\functions\\\\node_modules\\\\firebase-functions\\\\lib\\\\index.js\"}"}}
[debug] [2020-09-17T05:21:56.322Z] [runtime-status] [8400] Outgoing network have been stubbed. [{"name":"http","status":"mocked"},{"name":"http","status":"mocked"},{"name":"https","status":"mocked"},{"name":"https","status":"mocked"},{"name":"net","status":"mocked"}] {"metadata":{"emulator":{"name":"functions"},"message":"[runtime-status] [8400] Outgoing network have been stubbed. [{\"name\":\"http\",\"status\":\"mocked\"},{\"name\":\"http\",\"status\":\"mocked\"},{\"name\":\"https\",\"status\":\"mocked\"},{\"name\":\"https\",\"status\":\"mocked\"},{\"name\":\"net\",\"status\":\"mocked\"}]"}}
[debug] [2020-09-17T05:21:56.324Z] [runtime-status] [8400] Resolved module firebase-functions {"declared":true,"installed":true,"version":"3.11.0","resolution":"C:\\Users\\chygo\\code\\projects\\e-commerce\\functions\\node_modules\\firebase-functions\\lib\\index.js"} {"metadata":{"emulator":{"name":"functions"},"message":"[runtime-status] [8400] Resolved module firebase-functions {\"declared\":true,\"installed\":true,\"version\":\"3.11.0\",\"resolution\":\"C:\\\\Users\\\\chygo\\\\code\\\\projects\\\\e-commerce\\\\functions\\\\node_modules\\\\firebase-functions\\\\lib\\\\index.js\"}"}}
[debug] [2020-09-17T05:21:56.422Z] [runtime-status] [8400] Checked functions.config() {"config":{}} {"metadata":{"emulator":{"name":"functions"},"message":"[runtime-status] [8400] Checked functions.config() {\"config\":{}}"}}
[debug] [2020-09-17T05:21:56.423Z] [runtime-status] [8400] firebase-functions has been stubbed. {"functionsResolution":{"declared":true,"installed":true,"version":"3.11.0","resolution":"C:\\Users\\chygo\\code\\projects\\e-commerce\\functions\\node_modules\\firebase-functions\\lib\\index.js"}} {"metadata":{"emulator":{"name":"functions"},"message":"[runtime-status] [8400] firebase-functions has been stubbed. {\"functionsResolution\":{\"declared\":true,\"installed\":true,\"version\":\"3.11.0\",\"resolution\":\"C:\\\\Users\\\\chygo\\\\code\\\\projects\\\\e-commerce\\\\functions\\\\node_modules\\\\firebase-functions\\\\lib\\\\index.js\"}}"}}
[debug] [2020-09-17T05:21:56.423Z] [runtime-status] [8400] Resolved module firebase-functions {"declared":true,"installed":true,"version":"3.11.0","resolution":"C:\\Users\\chygo\\code\\projects\\e-commerce\\functions\\node_modules\\firebase-functions\\lib\\index.js"} {"metadata":{"emulator":{"name":"functions"},"message":"[runtime-status] [8400] Resolved module firebase-functions {\"declared\":true,\"installed\":true,\"version\":\"3.11.0\",\"resolution\":\"C:\\\\Users\\\\chygo\\\\code\\\\projects\\\\e-commerce\\\\functions\\\\node_modules\\\\firebase-functions\\\\lib\\\\index.js\"}"}}
[debug] [2020-09-17T05:21:56.423Z] [runtime-status] [8400] Resolved module firebase-admin {"declared":true,"installed":true,"version":"8.13.0","resolution":"C:\\Users\\chygo\\code\\projects\\e-commerce\\functions\\node_modules\\firebase-admin\\lib\\index.js"} {"metadata":{"emulator":{"name":"functions"},"message":"[runtime-status] [8400] Resolved module firebase-admin {\"declared\":true,\"installed\":true,\"version\":\"8.13.0\",\"resolution\":\"C:\\\\Users\\\\chygo\\\\code\\\\projects\\\\e-commerce\\\\functions\\\\node_modules\\\\firebase-admin\\\\lib\\\\index.js\"}"}}
[debug] [2020-09-17T05:21:56.424Z] [runtime-status] [8400] Resolved module firebase-functions {"declared":true,"installed":true,"version":"3.11.0","resolution":"C:\\Users\\chygo\\code\\projects\\e-commerce\\functions\\node_modules\\firebase-functions\\lib\\index.js"} {"metadata":{"emulator":{"name":"functions"},"message":"[runtime-status] [8400] Resolved module firebase-functions {\"declared\":true,\"installed\":true,\"version\":\"3.11.0\",\"resolution\":\"C:\\\\Users\\\\chygo\\\\code\\\\projects\\\\e-commerce\\\\functions\\\\node_modules\\\\firebase-functions\\\\lib\\\\index.js\"}"}}
[debug] [2020-09-17T05:21:56.424Z] [runtime-status] [8400] firebase-admin has been stubbed. {"adminResolution":{"declared":true,"installed":true,"version":"8.13.0","resolution":"C:\\Users\\chygo\\code\\projects\\e-commerce\\functions\\node_modules\\firebase-admin\\lib\\index.js"}} {"metadata":{"emulator":{"name":"functions"},"message":"[runtime-status] [8400] firebase-admin has been stubbed. {\"adminResolution\":{\"declared\":true,\"installed\":true,\"version\":\"8.13.0\",\"resolution\":\"C:\\\\Users\\\\chygo\\\\code\\\\projects\\\\e-commerce\\\\functions\\\\node_modules\\\\firebase-admin\\\\lib\\\\index.js\"}}"}}
[info] +  functions[api]: http function initialized (http://localhost:5001/e-commerce-2fdd5/us-central1/api). {"metadata":{"emulator":{"name":"functions"},"message":"\u001b[1mhttp\u001b[22m function initialized (http://localhost:5001/e-commerce-2fdd5/us-central1/api)."}}
[info] 
┌───────────────────────────────────────────────────────────────────────┐
│ ✔  All emulators ready! View status and logs at http://localhost:4000 │
└───────────────────────────────────────────────────────────────────────┘

┌───────────┬────────────────┬─────────────────────────────────┐
│ Emulator  │ Host:Port      │ View in Emulator UI             │
├───────────┼────────────────┼─────────────────────────────────┤
│ Functions │ localhost:5001 │ http://localhost:4000/functions │
├───────────┼────────────────┼─────────────────────────────────┤
│ Hosting   │ localhost:5000 │ n/a                             │
└───────────┴────────────────┴─────────────────────────────────┘
  Other reserved ports: 4400, 4500

Issues? Report them at https://github.com/firebase/firebase-tools/issues and attach the *-debug.log files.
 
[debug] [2020-09-17T05:21:56.792Z] [worker-~diagnostic~-39dd95a6-589e-4de7-9923-98b8ddfc7908]: IDLE {"metadata":{"emulator":{"name":"functions"},"message":"[worker-~diagnostic~-39dd95a6-589e-4de7-9923-98b8ddfc7908]: IDLE"}}
[debug] [2020-09-17T05:22:31.706Z] [work-queue] {"queueLength":1,"workRunningCount":0}
[debug] [2020-09-17T05:22:31.707Z] [work-queue] {"queueLength":0,"workRunningCount":1}
[debug] [2020-09-17T05:22:31.707Z] Accepted request POST /e-commerce-2fdd5/us-central1/api/payments/create?total=39998 --> api
[debug] [2020-09-17T05:22:31.715Z] [worker-pool] addWorker(api) {"metadata":{"emulator":{"name":"functions"},"message":"[worker-pool] addWorker(api)"}}
[debug] [2020-09-17T05:22:31.716Z] [worker-pool] Adding worker with key api, total=1 {"metadata":{"emulator":{"name":"functions"},"message":"[worker-pool] Adding worker with key api, total=1"}}
[debug] [2020-09-17T05:22:31.716Z] [worker-pool] submitWork(triggerId=api) {"metadata":{"emulator":{"name":"functions"},"message":"[worker-pool] submitWork(triggerId=api)"}}
[debug] [2020-09-17T05:22:31.716Z] [worker-api-a42a7a24-a0cc-4a9d-a1ef-a51f44c63625]: Assigning socketPath: \\?\pipe\C:\Users\chygo\code\projects\e-commerce\functions\12892 {"metadata":{"emulator":{"name":"functions"},"message":"[worker-api-a42a7a24-a0cc-4a9d-a1ef-a51f44c63625]: Assigning socketPath: \\\\?\\pipe\\C:\\Users\\chygo\\code\\projects\\e-commerce\\functions\\12892"}}
[debug] [2020-09-17T05:22:31.716Z] [worker-api-a42a7a24-a0cc-4a9d-a1ef-a51f44c63625]: BUSY {"metadata":{"emulator":{"name":"functions"},"message":"[worker-api-a42a7a24-a0cc-4a9d-a1ef-a51f44c63625]: BUSY"}}
[debug] [2020-09-17T05:22:32.188Z] [runtime-status] [12892] Functions runtime initialized. {"cwd":"C:\\Users\\chygo\\code\\projects\\e-commerce\\functions","node_version":"12.16.1"} {"metadata":{"emulator":{"name":"functions"},"function":{"name":"api"},"message":"[runtime-status] [12892] Functions runtime initialized. {\"cwd\":\"C:\\\\Users\\\\chygo\\\\code\\\\projects\\\\e-commerce\\\\functions\",\"node_version\":\"12.16.1\"}"}}
[debug] [2020-09-17T05:22:32.193Z] [runtime-status] [12892] Disabled runtime features: undefined {"metadata":{"emulator":{"name":"functions"},"function":{"name":"api"},"message":"[runtime-status] [12892] Disabled runtime features: undefined"}}
[debug] [2020-09-17T05:22:32.199Z] [runtime-status] [12892] Resolved module firebase-admin {"declared":true,"installed":true,"version":"8.13.0","resolution":"C:\\Users\\chygo\\code\\projects\\e-commerce\\functions\\node_modules\\firebase-admin\\lib\\index.js"} {"metadata":{"emulator":{"name":"functions"},"function":{"name":"api"},"message":"[runtime-status] [12892] Resolved module firebase-admin {\"declared\":true,\"installed\":true,\"version\":\"8.13.0\",\"resolution\":\"C:\\\\Users\\\\chygo\\\\code\\\\projects\\\\e-commerce\\\\functions\\\\node_modules\\\\firebase-admin\\\\lib\\\\index.js\"}"}}
[debug] [2020-09-17T05:22:32.201Z] [runtime-status] [12892] Resolved module firebase-functions {"declared":true,"installed":true,"version":"3.11.0","resolution":"C:\\Users\\chygo\\code\\projects\\e-commerce\\functions\\node_modules\\firebase-functions\\lib\\index.js"} {"metadata":{"emulator":{"name":"functions"},"function":{"name":"api"},"message":"[runtime-status] [12892] Resolved module firebase-functions {\"declared\":true,\"installed\":true,\"version\":\"3.11.0\",\"resolution\":\"C:\\\\Users\\\\chygo\\\\code\\\\projects\\\\e-commerce\\\\functions\\\\node_modules\\\\firebase-functions\\\\lib\\\\index.js\"}"}}
[debug] [2020-09-17T05:22:32.202Z] [runtime-status] [12892] Resolved module firebase-functions {"declared":true,"installed":true,"version":"3.11.0","resolution":"C:\\Users\\chygo\\code\\projects\\e-commerce\\functions\\node_modules\\firebase-functions\\lib\\index.js"} {"metadata":{"emulator":{"name":"functions"},"function":{"name":"api"},"message":"[runtime-status] [12892] Resolved module firebase-functions {\"declared\":true,\"installed\":true,\"version\":\"3.11.0\",\"resolution\":\"C:\\\\Users\\\\chygo\\\\code\\\\projects\\\\e-commerce\\\\functions\\\\node_modules\\\\firebase-functions\\\\lib\\\\index.js\"}"}}
[debug] [2020-09-17T05:22:32.203Z] [runtime-status] [12892] Outgoing network have been stubbed. [{"name":"http","status":"mocked"},{"name":"http","status":"mocked"},{"name":"https","status":"mocked"},{"name":"https","status":"mocked"},{"name":"net","status":"mocked"}] {"metadata":{"emulator":{"name":"functions"},"function":{"name":"api"},"message":"[runtime-status] [12892] Outgoing network have been stubbed. [{\"name\":\"http\",\"status\":\"mocked\"},{\"name\":\"http\",\"status\":\"mocked\"},{\"name\":\"https\",\"status\":\"mocked\"},{\"name\":\"https\",\"status\":\"mocked\"},{\"name\":\"net\",\"status\":\"mocked\"}]"}}
[debug] [2020-09-17T05:22:32.204Z] [runtime-status] [12892] Resolved module firebase-functions {"declared":true,"installed":true,"version":"3.11.0","resolution":"C:\\Users\\chygo\\code\\projects\\e-commerce\\functions\\node_modules\\firebase-functions\\lib\\index.js"} {"metadata":{"emulator":{"name":"functions"},"function":{"name":"api"},"message":"[runtime-status] [12892] Resolved module firebase-functions {\"declared\":true,\"installed\":true,\"version\":\"3.11.0\",\"resolution\":\"C:\\\\Users\\\\chygo\\\\code\\\\projects\\\\e-commerce\\\\functions\\\\node_modules\\\\firebase-functions\\\\lib\\\\index.js\"}"}}
[debug] [2020-09-17T05:22:32.248Z] [runtime-status] [12892] Checked functions.config() {"config":{}} {"metadata":{"emulator":{"name":"functions"},"function":{"name":"api"},"message":"[runtime-status] [12892] Checked functions.config() {\"config\":{}}"}}
[debug] [2020-09-17T05:22:32.248Z] [runtime-status] [12892] firebase-functions has been stubbed. {"functionsResolution":{"declared":true,"installed":true,"version":"3.11.0","resolution":"C:\\Users\\chygo\\code\\projects\\e-commerce\\functions\\node_modules\\firebase-functions\\lib\\index.js"}} {"metadata":{"emulator":{"name":"functions"},"function":{"name":"api"},"message":"[runtime-status] [12892] firebase-functions has been stubbed. {\"functionsResolution\":{\"declared\":true,\"installed\":true,\"version\":\"3.11.0\",\"resolution\":\"C:\\\\Users\\\\chygo\\\\code\\\\projects\\\\e-commerce\\\\functions\\\\node_modules\\\\firebase-functions\\\\lib\\\\index.js\"}}"}}
[debug] [2020-09-17T05:22:32.249Z] [runtime-status] [12892] Resolved module firebase-functions {"declared":true,"installed":true,"version":"3.11.0","resolution":"C:\\Users\\chygo\\code\\projects\\e-commerce\\functions\\node_modules\\firebase-functions\\lib\\index.js"} {"metadata":{"emulator":{"name":"functions"},"function":{"name":"api"},"message":"[runtime-status] [12892] Resolved module firebase-functions {\"declared\":true,\"installed\":true,\"version\":\"3.11.0\",\"resolution\":\"C:\\\\Users\\\\chygo\\\\code\\\\projects\\\\e-commerce\\\\functions\\\\node_modules\\\\firebase-functions\\\\lib\\\\index.js\"}"}}
[debug] [2020-09-17T05:22:32.250Z] [runtime-status] [12892] Resolved module firebase-admin {"declared":true,"installed":true,"version":"8.13.0","resolution":"C:\\Users\\chygo\\code\\projects\\e-commerce\\functions\\node_modules\\firebase-admin\\lib\\index.js"} {"metadata":{"emulator":{"name":"functions"},"function":{"name":"api"},"message":"[runtime-status] [12892] Resolved module firebase-admin {\"declared\":true,\"installed\":true,\"version\":\"8.13.0\",\"resolution\":\"C:\\\\Users\\\\chygo\\\\code\\\\projects\\\\e-commerce\\\\functions\\\\node_modules\\\\firebase-admin\\\\lib\\\\index.js\"}"}}
[debug] [2020-09-17T05:22:32.250Z] [runtime-status] [12892] Resolved module firebase-functions {"declared":true,"installed":true,"version":"3.11.0","resolution":"C:\\Users\\chygo\\code\\projects\\e-commerce\\functions\\node_modules\\firebase-functions\\lib\\index.js"} {"metadata":{"emulator":{"name":"functions"},"function":{"name":"api"},"message":"[runtime-status] [12892] Resolved module firebase-functions {\"declared\":true,\"installed\":true,\"version\":\"3.11.0\",\"resolution\":\"C:\\\\Users\\\\chygo\\\\code\\\\projects\\\\e-commerce\\\\functions\\\\node_modules\\\\firebase-functions\\\\lib\\\\index.js\"}"}}
[debug] [2020-09-17T05:22:32.251Z] [runtime-status] [12892] firebase-admin has been stubbed. {"adminResolution":{"declared":true,"installed":true,"version":"8.13.0","resolution":"C:\\Users\\chygo\\code\\projects\\e-commerce\\functions\\node_modules\\firebase-admin\\lib\\index.js"}} {"metadata":{"emulator":{"name":"functions"},"function":{"name":"api"},"message":"[runtime-status] [12892] firebase-admin has been stubbed. {\"adminResolution\":{\"declared\":true,\"installed\":true,\"version\":\"8.13.0\",\"resolution\":\"C:\\\\Users\\\\chygo\\\\code\\\\projects\\\\e-commerce\\\\functions\\\\node_modules\\\\firebase-admin\\\\lib\\\\index.js\"}}"}}
[debug] [2020-09-17T05:22:32.440Z] [runtime-status] [12892] Trigger "api" has been found, beginning invocation! {"metadata":{"emulator":{"name":"functions"},"function":{"name":"api"},"message":"[runtime-status] [12892] Trigger \"api\" has been found, beginning invocation!"}}
[info] i  functions: Beginning execution of "api" {"metadata":{"emulator":{"name":"functions"},"function":{"name":"api"},"message":"Beginning execution of \"api\""}}
[debug] [2020-09-17T05:22:32.442Z] [runtime-status] [12892] triggerDefinition {"httpsTrigger":{},"name":"api","entryPoint":"api"} {"metadata":{"emulator":{"name":"functions"},"function":{"name":"api"},"message":"[runtime-status] [12892] triggerDefinition {\"httpsTrigger\":{},\"name\":\"api\",\"entryPoint\":\"api\"}"}}
[debug] [2020-09-17T05:22:32.443Z] [runtime-status] [12892] Running api in mode HTTPS {"metadata":{"emulator":{"name":"functions"},"function":{"name":"api"},"message":"[runtime-status] [12892] Running api in mode HTTPS"}}
[debug] [2020-09-17T05:22:32.449Z] [runtime-status] [12892] Attempting to listen to socketPath: \\?\pipe\C:\Users\chygo\code\projects\e-commerce\functions\12892 {"metadata":{"emulator":{"name":"functions"},"function":{"name":"api"},"message":"[runtime-status] [12892] Attempting to listen to socketPath: \\\\?\\pipe\\C:\\Users\\chygo\\code\\projects\\e-commerce\\functions\\12892"}}
[debug] [2020-09-17T05:22:32.452Z] [functions] Runtime ready! Sending request! {"metadata":{"emulator":{"name":"functions"},"message":"[functions] Runtime ready! Sending request!"}}
[debug] [2020-09-17T05:22:32.465Z] [runtime-status] [12892] Ephemeral server handling POST request {"metadata":{"emulator":{"name":"functions"},"function":{"name":"api"},"message":"[runtime-status] [12892] Ephemeral server handling POST request"}}
[info] >  Payment Request Received 39998 {"user":"Payment Request Received 39998","metadata":{"emulator":{"name":"functions"},"function":{"name":"api"},"message":"\u001b[90m> \u001b[39m Payment Request Received 39998"}}
[debug] [2020-09-17T05:22:32.485Z] [runtime-status] [12892] Ephemeral server survived. {"metadata":{"emulator":{"name":"functions"},"function":{"name":"api"},"message":"[runtime-status] [12892] Ephemeral server survived."}}
[info] i  functions: Finished "api" in ~1s {"metadata":{"emulator":{"name":"functions"},"function":{"name":"api"},"message":"Finished \"api\" in ~1s"}}
[debug] [2020-09-17T05:22:32.990Z] [worker-api-a42a7a24-a0cc-4a9d-a1ef-a51f44c63625]: IDLE {"metadata":{"emulator":{"name":"functions"},"message":"[worker-api-a42a7a24-a0cc-4a9d-a1ef-a51f44c63625]: IDLE"}}
[debug] [2020-09-17T05:22:32.991Z] [work-queue] {"queueLength":0,"workRunningCount":0}
[debug] [2020-09-17T05:23:53.266Z] [work-queue] {"queueLength":1,"workRunningCount":0}
[debug] [2020-09-17T05:23:53.266Z] [work-queue] {"queueLength":0,"workRunningCount":1}
[debug] [2020-09-17T05:23:53.267Z] Accepted request POST /e-commerce-2fdd5/us-central1/api/payments/create?total=0 --> api
[debug] [2020-09-17T05:23:53.267Z] [worker-pool] submitWork(triggerId=api) {"metadata":{"emulator":{"name":"functions"},"message":"[worker-pool] submitWork(triggerId=api)"}}
[debug] [2020-09-17T05:23:53.267Z] [worker-api-a42a7a24-a0cc-4a9d-a1ef-a51f44c63625]: Assigning socketPath: \\?\pipe\C:\Users\chygo\code\projects\e-commerce\functions\12892 {"metadata":{"emulator":{"name":"functions"},"message":"[worker-api-a42a7a24-a0cc-4a9d-a1ef-a51f44c63625]: Assigning socketPath: \\\\?\\pipe\\C:\\Users\\chygo\\code\\projects\\e-commerce\\functions\\12892"}}
[debug] [2020-09-17T05:23:53.267Z] [worker-api-a42a7a24-a0cc-4a9d-a1ef-a51f44c63625]: BUSY {"metadata":{"emulator":{"name":"functions"},"message":"[worker-api-a42a7a24-a0cc-4a9d-a1ef-a51f44c63625]: BUSY"}}
[debug] [2020-09-17T05:23:53.268Z] [runtime-status] [12892] Trigger "api" has been found, beginning invocation! {"metadata":{"emulator":{"name":"functions"},"function":{"name":"api"},"message":"[runtime-status] [12892] Trigger \"api\" has been found, beginning invocation!"}}
[info] i  functions: Beginning execution of "api" {"metadata":{"emulator":{"name":"functions"},"function":{"name":"api"},"message":"Beginning execution of \"api\""}}
[debug] [2020-09-17T05:23:53.270Z] [runtime-status] [12892] triggerDefinition {"httpsTrigger":{},"name":"api","entryPoint":"api"} {"metadata":{"emulator":{"name":"functions"},"function":{"name":"api"},"message":"[runtime-status] [12892] triggerDefinition {\"httpsTrigger\":{},\"name\":\"api\",\"entryPoint\":\"api\"}"}}
[debug] [2020-09-17T05:23:53.270Z] [runtime-status] [12892] Running api in mode HTTPS {"metadata":{"emulator":{"name":"functions"},"function":{"name":"api"},"message":"[runtime-status] [12892] Running api in mode HTTPS"}}
[debug] [2020-09-17T05:23:53.270Z] [runtime-status] [12892] Attempting to listen to socketPath: \\?\pipe\C:\Users\chygo\code\projects\e-commerce\functions\12892 {"metadata":{"emulator":{"name":"functions"},"function":{"name":"api"},"message":"[runtime-status] [12892] Attempting to listen to socketPath: \\\\?\\pipe\\C:\\Users\\chygo\\code\\projects\\e-commerce\\functions\\12892"}}
[debug] [2020-09-17T05:23:53.272Z] [functions] Runtime ready! Sending request! {"metadata":{"emulator":{"name":"functions"},"message":"[functions] Runtime ready! Sending request!"}}
[debug] [2020-09-17T05:23:53.278Z] [runtime-status] [12892] Ephemeral server handling POST request {"metadata":{"emulator":{"name":"functions"},"function":{"name":"api"},"message":"[runtime-status] [12892] Ephemeral server handling POST request"}}
[info] >  Payment Request Received 0 {"user":"Payment Request Received 0","metadata":{"emulator":{"name":"functions"},"function":{"name":"api"},"message":"\u001b[90m> \u001b[39m Payment Request Received 0"}}
[debug] [2020-09-17T05:23:53.304Z] [runtime-status] [12892] Ephemeral server survived. {"metadata":{"emulator":{"name":"functions"},"function":{"name":"api"},"message":"[runtime-status] [12892] Ephemeral server survived."}}
[info] >  (node:12892) UnhandledPromiseRejectionWarning: Error: This value must be greater than or equal to 1. {"user":"(node:12892) UnhandledPromiseRejectionWarning: Error: This value must be greater than or equal to 1.","metadata":{"emulator":{"name":"functions"},"function":{"name":"api"},"message":"\u001b[90m> \u001b[39m (node:12892) UnhandledPromiseRejectionWarning: Error: This value must be greater than or equal to 1."}}
[info] >      at Function.generate (C:\Users\chygo\code\projects\e-commerce\functions\node_modules\stripe\lib\Error.js:39:16) {"user":"    at Function.generate (C:\\Users\\chygo\\code\\projects\\e-commerce\\functions\\node_modules\\stripe\\lib\\Error.js:39:16)","metadata":{"emulator":{"name":"functions"},"function":{"name":"api"},"message":"\u001b[90m> \u001b[39m     at Function.generate (C:\\Users\\chygo\\code\\projects\\e-commerce\\functions\\node_modules\\stripe\\lib\\Error.js:39:16)"}}
[info] >      at IncomingMessage.<anonymous> (C:\Users\chygo\code\projects\e-commerce\functions\node_modules\stripe\lib\StripeResource.js:190:33) {"user":"    at IncomingMessage.<anonymous> (C:\\Users\\chygo\\code\\projects\\e-commerce\\functions\\node_modules\\stripe\\lib\\StripeResource.js:190:33)","metadata":{"emulator":{"name":"functions"},"function":{"name":"api"},"message":"\u001b[90m> \u001b[39m     at IncomingMessage.<anonymous> (C:\\Users\\chygo\\code\\projects\\e-commerce\\functions\\node_modules\\stripe\\lib\\StripeResource.js:190:33)"}}
[info] >      at Object.onceWrapper (events.js:417:28) {"user":"    at Object.onceWrapper (events.js:417:28)","metadata":{"emulator":{"name":"functions"},"function":{"name":"api"},"message":"\u001b[90m> \u001b[39m     at Object.onceWrapper (events.js:417:28)"}}
[info] >      at IncomingMessage.emit (events.js:323:22) {"user":"    at IncomingMessage.emit (events.js:323:22)","metadata":{"emulator":{"name":"functions"},"function":{"name":"api"},"message":"\u001b[90m> \u001b[39m     at IncomingMessage.emit (events.js:323:22)"}}
[info] >      at endReadableNT (_stream_readable.js:1204:12) {"user":"    at endReadableNT (_stream_readable.js:1204:12)","metadata":{"emulator":{"name":"functions"},"function":{"name":"api"},"message":"\u001b[90m> \u001b[39m     at endReadableNT (_stream_readable.js:1204:12)"}}
[info] >      at processTicksAndRejections (internal/process/task_queues.js:84:21) {"user":"    at processTicksAndRejections (internal/process/task_queues.js:84:21)","metadata":{"emulator":{"name":"functions"},"function":{"name":"api"},"message":"\u001b[90m> \u001b[39m     at processTicksAndRejections (internal/process/task_queues.js:84:21)"}}
[info] >  (node:12892) UnhandledPromiseRejectionWarning: Unhandled promise rejection. This error originated either by throwing inside of an async function without a catch block, or by rejecting a promise which was not handled with .catch(). To terminate the node process on unhandled promise rejection, use the CLI flag `--unhandled-rejections=strict` (see https://nodejs.org/api/cli.html#cli_unhandled_rejections_mode). (rejection id: 1) {"user":"(node:12892) UnhandledPromiseRejectionWarning: Unhandled promise rejection. This error originated either by throwing inside of an async function without a catch block, or by rejecting a promise which was not handled with .catch(). To terminate the node process on unhandled promise rejection, use the CLI flag `--unhandled-rejections=strict` (see https://nodejs.org/api/cli.html#cli_unhandled_rejections_mode). (rejection id: 1)","metadata":{"emulator":{"name":"functions"},"function":{"name":"api"},"message":"\u001b[90m> \u001b[39m (node:12892) UnhandledPromiseRejectionWarning: Unhandled promise rejection. This error originated either by throwing inside of an async function without a catch block, or by rejecting a promise which was not handled with .catch(). To terminate the node process on unhandled promise rejection, use the CLI flag `--unhandled-rejections=strict` (see https://nodejs.org/api/cli.html#cli_unhandled_rejections_mode). (rejection id: 1)"}}
[info] >  (node:12892) [DEP0018] DeprecationWarning: Unhandled promise rejections are deprecated. In the future, promise rejections that are not handled will terminate the Node.js process with a non-zero exit code. {"user":"(node:12892) [DEP0018] DeprecationWarning: Unhandled promise rejections are deprecated. In the future, promise rejections that are not handled will terminate the Node.js process with a non-zero exit code.","metadata":{"emulator":{"name":"functions"},"function":{"name":"api"},"message":"\u001b[90m> \u001b[39m (node:12892) [DEP0018] DeprecationWarning: Unhandled promise rejections are deprecated. In the future, promise rejections that are not handled will terminate the Node.js process with a non-zero exit code."}}
[warn] !  functions: Your function timed out after ~60s. To configure this timeout, see
      https://firebase.google.com/docs/functions/manage-functions#set_timeout_and_memory_allocation. {"metadata":{"emulator":{"name":"functions"},"function":{"name":"api"},"message":"Your function timed out after ~60s. To configure this timeout, see\n      https://firebase.google.com/docs/functions/manage-functions#set_timeout_and_memory_allocation."}}
[info] >  C:\Users\chygo\AppData\Roaming\npm\node_modules\firebase-tools\lib\emulator\functionsEmulatorRuntime.js:642 {"user":"C:\\Users\\chygo\\AppData\\Roaming\\npm\\node_modules\\firebase-tools\\lib\\emulator\\functionsEmulatorRuntime.js:642\r","metadata":{"emulator":{"name":"functions"},"function":{"name":"api"},"message":"\u001b[90m> \u001b[39m C:\\Users\\chygo\\AppData\\Roaming\\npm\\node_modules\\firebase-tools\\lib\\emulator\\functionsEmulatorRuntime.js:642\r"}}
[debug] [2020-09-17T05:24:53.308Z] [worker-api-a42a7a24-a0cc-4a9d-a1ef-a51f44c63625]: exited {"metadata":{"emulator":{"name":"functions"},"message":"[worker-api-a42a7a24-a0cc-4a9d-a1ef-a51f44c63625]: exited"}}
[debug] [2020-09-17T05:24:53.308Z] [worker-api-a42a7a24-a0cc-4a9d-a1ef-a51f44c63625]: FINISHED {"metadata":{"emulator":{"name":"functions"},"message":"[worker-api-a42a7a24-a0cc-4a9d-a1ef-a51f44c63625]: FINISHED"}}
[debug] [2020-09-17T05:24:53.309Z] [work-queue] {"queueLength":0,"workRunningCount":0}
[debug] [2020-09-17T05:26:58.384Z] [work-queue] {"queueLength":1,"workRunningCount":0}
[debug] [2020-09-17T05:26:58.384Z] [work-queue] {"queueLength":0,"workRunningCount":1}
[debug] [2020-09-17T05:26:58.385Z] Accepted request POST /e-commerce-2fdd5/us-central1/api/payments/create?total=8997 --> api
[debug] [2020-09-17T05:26:58.385Z] [worker-pool] Cleaned up workers for api: 1 --> 0 {"metadata":{"emulator":{"name":"functions"},"message":"[worker-pool] Cleaned up workers for api: 1 --> 0"}}
[debug] [2020-09-17T05:26:58.398Z] [worker-pool] addWorker(api) {"metadata":{"emulator":{"name":"functions"},"message":"[worker-pool] addWorker(api)"}}
[debug] [2020-09-17T05:26:58.398Z] [worker-pool] Adding worker with key api, total=1 {"metadata":{"emulator":{"name":"functions"},"message":"[worker-pool] Adding worker with key api, total=1"}}
[debug] [2020-09-17T05:26:58.398Z] [worker-pool] submitWork(triggerId=api) {"metadata":{"emulator":{"name":"functions"},"message":"[worker-pool] submitWork(triggerId=api)"}}
[debug] [2020-09-17T05:26:58.399Z] [worker-api-42471b0b-0d63-4997-9a3a-1a3e44b16522]: Assigning socketPath: \\?\pipe\C:\Users\chygo\code\projects\e-commerce\functions\10252 {"metadata":{"emulator":{"name":"functions"},"message":"[worker-api-42471b0b-0d63-4997-9a3a-1a3e44b16522]: Assigning socketPath: \\\\?\\pipe\\C:\\Users\\chygo\\code\\projects\\e-commerce\\functions\\10252"}}
[debug] [2020-09-17T05:26:58.399Z] [worker-api-42471b0b-0d63-4997-9a3a-1a3e44b16522]: BUSY {"metadata":{"emulator":{"name":"functions"},"message":"[worker-api-42471b0b-0d63-4997-9a3a-1a3e44b16522]: BUSY"}}
[debug] [2020-09-17T05:26:58.859Z] [runtime-status] [10252] Functions runtime initialized. {"cwd":"C:\\Users\\chygo\\code\\projects\\e-commerce\\functions","node_version":"12.16.1"} {"metadata":{"emulator":{"name":"functions"},"function":{"name":"api"},"message":"[runtime-status] [10252] Functions runtime initialized. {\"cwd\":\"C:\\\\Users\\\\chygo\\\\code\\\\projects\\\\e-commerce\\\\functions\",\"node_version\":\"12.16.1\"}"}}
[debug] [2020-09-17T05:26:58.866Z] [runtime-status] [10252] Disabled runtime features: undefined {"metadata":{"emulator":{"name":"functions"},"function":{"name":"api"},"message":"[runtime-status] [10252] Disabled runtime features: undefined"}}
[debug] [2020-09-17T05:26:58.873Z] [runtime-status] [10252] Resolved module firebase-admin {"declared":true,"installed":true,"version":"8.13.0","resolution":"C:\\Users\\chygo\\code\\projects\\e-commerce\\functions\\node_modules\\firebase-admin\\lib\\index.js"} {"metadata":{"emulator":{"name":"functions"},"function":{"name":"api"},"message":"[runtime-status] [10252] Resolved module firebase-admin {\"declared\":true,\"installed\":true,\"version\":\"8.13.0\",\"resolution\":\"C:\\\\Users\\\\chygo\\\\code\\\\projects\\\\e-commerce\\\\functions\\\\node_modules\\\\firebase-admin\\\\lib\\\\index.js\"}"}}
[debug] [2020-09-17T05:26:58.876Z] [runtime-status] [10252] Resolved module firebase-functions {"declared":true,"installed":true,"version":"3.11.0","resolution":"C:\\Users\\chygo\\code\\projects\\e-commerce\\functions\\node_modules\\firebase-functions\\lib\\index.js"} {"metadata":{"emulator":{"name":"functions"},"function":{"name":"api"},"message":"[runtime-status] [10252] Resolved module firebase-functions {\"declared\":true,\"installed\":true,\"version\":\"3.11.0\",\"resolution\":\"C:\\\\Users\\\\chygo\\\\code\\\\projects\\\\e-commerce\\\\functions\\\\node_modules\\\\firebase-functions\\\\lib\\\\index.js\"}"}}
[debug] [2020-09-17T05:26:58.877Z] [runtime-status] [10252] Resolved module firebase-functions {"declared":true,"installed":true,"version":"3.11.0","resolution":"C:\\Users\\chygo\\code\\projects\\e-commerce\\functions\\node_modules\\firebase-functions\\lib\\index.js"} {"metadata":{"emulator":{"name":"functions"},"function":{"name":"api"},"message":"[runtime-status] [10252] Resolved module firebase-functions {\"declared\":true,\"installed\":true,\"version\":\"3.11.0\",\"resolution\":\"C:\\\\Users\\\\chygo\\\\code\\\\projects\\\\e-commerce\\\\functions\\\\node_modules\\\\firebase-functions\\\\lib\\\\index.js\"}"}}
[debug] [2020-09-17T05:26:58.879Z] [runtime-status] [10252] Outgoing network have been stubbed. [{"name":"http","status":"mocked"},{"name":"http","status":"mocked"},{"name":"https","status":"mocked"},{"name":"https","status":"mocked"},{"name":"net","status":"mocked"}] {"metadata":{"emulator":{"name":"functions"},"function":{"name":"api"},"message":"[runtime-status] [10252] Outgoing network have been stubbed. [{\"name\":\"http\",\"status\":\"mocked\"},{\"name\":\"http\",\"status\":\"mocked\"},{\"name\":\"https\",\"status\":\"mocked\"},{\"name\":\"https\",\"status\":\"mocked\"},{\"name\":\"net\",\"status\":\"mocked\"}]"}}
[debug] [2020-09-17T05:26:58.880Z] [runtime-status] [10252] Resolved module firebase-functions {"declared":true,"installed":true,"version":"3.11.0","resolution":"C:\\Users\\chygo\\code\\projects\\e-commerce\\functions\\node_modules\\firebase-functions\\lib\\index.js"} {"metadata":{"emulator":{"name":"functions"},"function":{"name":"api"},"message":"[runtime-status] [10252] Resolved module firebase-functions {\"declared\":true,\"installed\":true,\"version\":\"3.11.0\",\"resolution\":\"C:\\\\Users\\\\chygo\\\\code\\\\projects\\\\e-commerce\\\\functions\\\\node_modules\\\\firebase-functions\\\\lib\\\\index.js\"}"}}
[debug] [2020-09-17T05:26:58.928Z] [runtime-status] [10252] Checked functions.config() {"config":{}} {"metadata":{"emulator":{"name":"functions"},"function":{"name":"api"},"message":"[runtime-status] [10252] Checked functions.config() {\"config\":{}}"}}
[debug] [2020-09-17T05:26:58.928Z] [runtime-status] [10252] firebase-functions has been stubbed. {"functionsResolution":{"declared":true,"installed":true,"version":"3.11.0","resolution":"C:\\Users\\chygo\\code\\projects\\e-commerce\\functions\\node_modules\\firebase-functions\\lib\\index.js"}} {"metadata":{"emulator":{"name":"functions"},"function":{"name":"api"},"message":"[runtime-status] [10252] firebase-functions has been stubbed. {\"functionsResolution\":{\"declared\":true,\"installed\":true,\"version\":\"3.11.0\",\"resolution\":\"C:\\\\Users\\\\chygo\\\\code\\\\projects\\\\e-commerce\\\\functions\\\\node_modules\\\\firebase-functions\\\\lib\\\\index.js\"}}"}}
[debug] [2020-09-17T05:26:58.929Z] [runtime-status] [10252] Resolved module firebase-functions {"declared":true,"installed":true,"version":"3.11.0","resolution":"C:\\Users\\chygo\\code\\projects\\e-commerce\\functions\\node_modules\\firebase-functions\\lib\\index.js"} {"metadata":{"emulator":{"name":"functions"},"function":{"name":"api"},"message":"[runtime-status] [10252] Resolved module firebase-functions {\"declared\":true,\"installed\":true,\"version\":\"3.11.0\",\"resolution\":\"C:\\\\Users\\\\chygo\\\\code\\\\projects\\\\e-commerce\\\\functions\\\\node_modules\\\\firebase-functions\\\\lib\\\\index.js\"}"}}
[debug] [2020-09-17T05:26:58.930Z] [runtime-status] [10252] Resolved module firebase-admin {"declared":true,"installed":true,"version":"8.13.0","resolution":"C:\\Users\\chygo\\code\\projects\\e-commerce\\functions\\node_modules\\firebase-admin\\lib\\index.js"} {"metadata":{"emulator":{"name":"functions"},"function":{"name":"api"},"message":"[runtime-status] [10252] Resolved module firebase-admin {\"declared\":true,\"installed\":true,\"version\":\"8.13.0\",\"resolution\":\"C:\\\\Users\\\\chygo\\\\code\\\\projects\\\\e-commerce\\\\functions\\\\node_modules\\\\firebase-admin\\\\lib\\\\index.js\"}"}}
[debug] [2020-09-17T05:26:58.930Z] [runtime-status] [10252] Resolved module firebase-functions {"declared":true,"installed":true,"version":"3.11.0","resolution":"C:\\Users\\chygo\\code\\projects\\e-commerce\\functions\\node_modules\\firebase-functions\\lib\\index.js"} {"metadata":{"emulator":{"name":"functions"},"function":{"name":"api"},"message":"[runtime-status] [10252] Resolved module firebase-functions {\"declared\":true,\"installed\":true,\"version\":\"3.11.0\",\"resolution\":\"C:\\\\Users\\\\chygo\\\\code\\\\projects\\\\e-commerce\\\\functions\\\\node_modules\\\\firebase-functions\\\\lib\\\\index.js\"}"}}
[debug] [2020-09-17T05:26:58.931Z] [runtime-status] [10252] firebase-admin has been stubbed. {"adminResolution":{"declared":true,"installed":true,"version":"8.13.0","resolution":"C:\\Users\\chygo\\code\\projects\\e-commerce\\functions\\node_modules\\firebase-admin\\lib\\index.js"}} {"metadata":{"emulator":{"name":"functions"},"function":{"name":"api"},"message":"[runtime-status] [10252] firebase-admin has been stubbed. {\"adminResolution\":{\"declared\":true,\"installed\":true,\"version\":\"8.13.0\",\"resolution\":\"C:\\\\Users\\\\chygo\\\\code\\\\projects\\\\e-commerce\\\\functions\\\\node_modules\\\\firebase-admin\\\\lib\\\\index.js\"}}"}}
[debug] [2020-09-17T05:26:59.117Z] [runtime-status] [10252] Trigger "api" has been found, beginning invocation! {"metadata":{"emulator":{"name":"functions"},"function":{"name":"api"},"message":"[runtime-status] [10252] Trigger \"api\" has been found, beginning invocation!"}}
[info] i  functions: Beginning execution of "api" {"metadata":{"emulator":{"name":"functions"},"function":{"name":"api"},"message":"Beginning execution of \"api\""}}
[debug] [2020-09-17T05:26:59.119Z] [runtime-status] [10252] triggerDefinition {"httpsTrigger":{},"name":"api","entryPoint":"api"} {"metadata":{"emulator":{"name":"functions"},"function":{"name":"api"},"message":"[runtime-status] [10252] triggerDefinition {\"httpsTrigger\":{},\"name\":\"api\",\"entryPoint\":\"api\"}"}}
[debug] [2020-09-17T05:26:59.119Z] [runtime-status] [10252] Running api in mode HTTPS {"metadata":{"emulator":{"name":"functions"},"function":{"name":"api"},"message":"[runtime-status] [10252] Running api in mode HTTPS"}}
[debug] [2020-09-17T05:26:59.127Z] [runtime-status] [10252] Attempting to listen to socketPath: \\?\pipe\C:\Users\chygo\code\projects\e-commerce\functions\10252 {"metadata":{"emulator":{"name":"functions"},"function":{"name":"api"},"message":"[runtime-status] [10252] Attempting to listen to socketPath: \\\\?\\pipe\\C:\\Users\\chygo\\code\\projects\\e-commerce\\functions\\10252"}}
[debug] [2020-09-17T05:26:59.131Z] [functions] Runtime ready! Sending request! {"metadata":{"emulator":{"name":"functions"},"message":"[functions] Runtime ready! Sending request!"}}
[debug] [2020-09-17T05:26:59.143Z] [runtime-status] [10252] Ephemeral server handling POST request {"metadata":{"emulator":{"name":"functions"},"function":{"name":"api"},"message":"[runtime-status] [10252] Ephemeral server handling POST request"}}
[info] >  Payment Request Received 8997 {"user":"Payment Request Received 8997","metadata":{"emulator":{"name":"functions"},"function":{"name":"api"},"message":"\u001b[90m> \u001b[39m Payment Request Received 8997"}}
[debug] [2020-09-17T05:26:59.162Z] [runtime-status] [10252] Ephemeral server survived. {"metadata":{"emulator":{"name":"functions"},"function":{"name":"api"},"message":"[runtime-status] [10252] Ephemeral server survived."}}
[info] i  functions: Finished "api" in ~1s {"metadata":{"emulator":{"name":"functions"},"function":{"name":"api"},"message":"Finished \"api\" in ~1s"}}
[debug] [2020-09-17T05:26:59.678Z] [worker-api-42471b0b-0d63-4997-9a3a-1a3e44b16522]: IDLE {"metadata":{"emulator":{"name":"functions"},"message":"[worker-api-42471b0b-0d63-4997-9a3a-1a3e44b16522]: IDLE"}}
[debug] [2020-09-17T05:26:59.679Z] [work-queue] {"queueLength":0,"workRunningCount":0}
